<?xml version="1.0" encoding="UTF-8"?>
<testng-results skipped="0" failed="0" ignored="0" total="1" passed="1">
  <reporter-output>
  </reporter-output>
  <suite name="Default suite" duration-ms="15737" started-at="2018-07-12T07:12:30Z" finished-at="2018-07-12T07:12:45Z">
    <groups>
    </groups>
    <test name="Default test" duration-ms="15737" started-at="2018-07-12T07:12:30Z" finished-at="2018-07-12T07:12:45Z">
      <class name="com.crm.qa.testcases.LoginPageTest">
        <test-method status="PASS" signature="setUp()[pri:0, instance:com.crm.qa.testcases.LoginPageTest@2f686d1f]" name="setUp" is-config="true" duration-ms="14880" started-at="2018-07-12T12:42:30Z" finished-at="2018-07-12T12:42:45Z">
          <reporter-output>
          </reporter-output>
        </test-method> <!-- setUp -->
        <test-method status="PASS" signature="crmLogoImageTest()[pri:2, instance:com.crm.qa.testcases.LoginPageTest@2f686d1f]" name="crmLogoImageTest" duration-ms="101" started-at="2018-07-12T12:42:45Z" finished-at="2018-07-12T12:42:45Z">
          <reporter-output>
          </reporter-output>
        </test-method> <!-- crmLogoImageTest -->
        <test-method status="PASS" signature="tearDown()[pri:0, instance:com.crm.qa.testcases.LoginPageTest@2f686d1f]" name="tearDown" is-config="true" duration-ms="740" started-at="2018-07-12T12:42:45Z" finished-at="2018-07-12T12:42:45Z">
          <reporter-output>
          </reporter-output>
        </test-method> <!-- tearDown -->
      </class> <!-- com.crm.qa.testcases.LoginPageTest -->
    </test> <!-- Default test -->
  </suite> <!-- Default suite -->
</testng-results>
